SanasAR/Library/Bee/Android/Prj/Mono2x/Gradle/unityLibrary/build/intermediates/manifest_merge_blame_file/release/manifest-merger-blame-release-report.txt
1<?xml version="1.0" encoding="utf-8"?>
2<manifest xmlns:android="http://schemas.android.com/apk/res/android"
3    xmlns:tools="http://schemas.android.com/tools"
4    package="com.unity3d.player" >
5
6    <uses-sdk
7        android:minSdkVersion="24"
7-->src\main\AndroidManifest.xml
8        android:targetSdkVersion="32" />
8-->src\main\AndroidManifest.xml
9
10    <uses-permission android:name="android.permission.INTERNET" />
10-->src\main\AndroidManifest.xml:3:3-65
10-->src\main\AndroidManifest.xml:3:20-62
11    <uses-permission android:name="android.permission.ACCESS_NETWORK_STATE" />
11-->src\main\AndroidManifest.xml:4:3-77
11-->src\main\AndroidManifest.xml:4:20-74
12
13    <uses-feature android:glEsVersion="0x00030000" />
13-->src\main\AndroidManifest.xml:5:3-52
13-->src\main\AndroidManifest.xml:5:17-49
14    <uses-feature
14-->src\main\AndroidManifest.xml:6:3-88
15        android:name="android.hardware.touchscreen"
15-->src\main\AndroidManifest.xml:6:17-60
16        android:required="false" />
16-->src\main\AndroidManifest.xml:6:61-85
17    <uses-feature
17-->src\main\AndroidManifest.xml:7:3-99
18        android:name="android.hardware.touchscreen.multitouch"
18-->src\main\AndroidManifest.xml:7:17-71
19        android:required="false" />
19-->src\main\AndroidManifest.xml:7:72-96
20    <uses-feature
20-->src\main\AndroidManifest.xml:8:3-108
21        android:name="android.hardware.touchscreen.multitouch.distinct"
21-->src\main\AndroidManifest.xml:8:17-80
22        android:required="false" />
22-->src\main\AndroidManifest.xml:8:81-105
23
24    <uses-permission android:name="android.permission.CAMERA" />
24-->src\main\AndroidManifest.xml:26:3-63
24-->src\main\AndroidManifest.xml:26:20-60
25
26    <application android:extractNativeLibs="true" >
26-->src\main\AndroidManifest.xml:9:3-25:17
26-->src\main\AndroidManifest.xml:9:16-48
27        <meta-data
27-->src\main\AndroidManifest.xml:10:5-69
28            android:name="unity.splash-mode"
28-->src\main\AndroidManifest.xml:10:16-48
29            android:value="0" />
29-->src\main\AndroidManifest.xml:10:49-66
30        <meta-data
30-->src\main\AndroidManifest.xml:11:5-74
31            android:name="unity.splash-enable"
31-->src\main\AndroidManifest.xml:11:16-50
32            android:value="True" />
32-->src\main\AndroidManifest.xml:11:51-71
33        <meta-data
33-->src\main\AndroidManifest.xml:12:5-78
34            android:name="unity.launch-fullscreen"
34-->src\main\AndroidManifest.xml:12:16-54
35            android:value="True" />
35-->src\main\AndroidManifest.xml:12:55-75
36        <meta-data
36-->src\main\AndroidManifest.xml:13:5-84
37            android:name="unity.allow-resizable-window"
37-->src\main\AndroidManifest.xml:13:16-59
38            android:value="False" />
38-->src\main\AndroidManifest.xml:13:60-81
39        <meta-data
39-->src\main\AndroidManifest.xml:14:5-81
40            android:name="notch.config"
40-->src\main\AndroidManifest.xml:14:16-43
41            android:value="portrait|landscape" />
41-->src\main\AndroidManifest.xml:14:44-78
42
43        <activity
43-->src\main\AndroidManifest.xml:15:5-22:16
44            android:name="com.unity3d.player.UnityPlayerActivity"
44-->src\main\AndroidManifest.xml:15:15-68
45            android:configChanges="mcc|mnc|locale|touchscreen|keyboard|keyboardHidden|navigation|orientation|screenLayout|uiMode|screenSize|smallestScreenSize|fontScale|layoutDirection|density"
45-->src\main\AndroidManifest.xml:15:180-361
46            android:exported="true"
46-->src\main\AndroidManifest.xml:15:433-456
47            android:hardwareAccelerated="false"
47-->src\main\AndroidManifest.xml:15:397-432
48            android:launchMode="singleTask"
48-->src\main\AndroidManifest.xml:15:148-179
49            android:resizeableActivity="false"
49-->src\main\AndroidManifest.xml:15:362-396
50            android:screenOrientation="fullUser"
50-->src\main\AndroidManifest.xml:15:111-147
51            android:theme="@style/UnityThemeSelector" >
51-->src\main\AndroidManifest.xml:15:69-110
52            <intent-filter>
52-->src\main\AndroidManifest.xml:16:7-19:23
53                <category android:name="android.intent.category.LAUNCHER" />
53-->src\main\AndroidManifest.xml:17:9-69
53-->src\main\AndroidManifest.xml:17:19-66
54
55                <action android:name="android.intent.action.MAIN" />
55-->src\main\AndroidManifest.xml:18:9-61
55-->src\main\AndroidManifest.xml:18:17-58
56            </intent-filter>
57
58            <meta-data
58-->src\main\AndroidManifest.xml:20:7-82
59                android:name="unityplayer.UnityActivity"
59-->src\main\AndroidManifest.xml:20:18-58
60                android:value="true" />
60-->src\main\AndroidManifest.xml:20:59-79
61            <meta-data
61-->src\main\AndroidManifest.xml:21:7-70
62                android:name="notch_support"
62-->src\main\AndroidManifest.xml:21:18-46
63                android:value="true" />
63-->src\main\AndroidManifest.xml:21:47-67
64        </activity>
65
66        <meta-data
66-->src\main\AndroidManifest.xml:23:5-88
67            android:name="unityplayer.SkipPermissionsDialog"
67-->src\main\AndroidManifest.xml:23:16-64
68            android:value="true" />
68-->src\main\AndroidManifest.xml:23:65-85
69        <meta-data
69-->src\main\AndroidManifest.xml:24:5-77
70            android:name="com.google.ar.core"
70-->src\main\AndroidManifest.xml:24:16-49
71            android:value="optional" />
71-->src\main\AndroidManifest.xml:24:50-74
72    </application>
73
74</manifest>